7/16/2013 4:25:05 PM	This log contains information about the import schema operation into project 'FirstDatebaseProject' on computer 'ALEKS-PC' by user 'Aleks'.
7/16/2013 4:25:06 PM	Import of database schema has started.
7/16/2013 4:25:18 PM	Gathering database options
7/16/2013 4:25:18 PM	Gathering users
7/16/2013 4:25:18 PM	Gathering roles
7/16/2013 4:25:18 PM	Gathering application roles
7/16/2013 4:25:18 PM	Gathering role memberships
7/16/2013 4:25:18 PM	Gathering filegroups
7/16/2013 4:25:18 PM	Gathering full-text catalogs
7/16/2013 4:25:18 PM	Gathering assemblies
7/16/2013 4:25:18 PM	Gathering certificates
7/16/2013 4:25:18 PM	Gathering asymmetric keys
7/16/2013 4:25:18 PM	Gathering symmetric keys
7/16/2013 4:25:18 PM	Gathering encrypted symmetric keys
7/16/2013 4:25:18 PM	Gathering schemas
7/16/2013 4:25:18 PM	Gathering XML schema collections
7/16/2013 4:25:18 PM	Gathering user-defined data types
7/16/2013 4:25:18 PM	Gathering user-defined types
7/16/2013 4:25:18 PM	Gathering table types
7/16/2013 4:25:18 PM	Gathering unique keys for table types
7/16/2013 4:25:18 PM	Gathering primary keys for table types
7/16/2013 4:25:18 PM	Gathering check constraints for table types
7/16/2013 4:25:18 PM	Gathering default constraints for table types
7/16/2013 4:25:18 PM	Gathering partition functions
7/16/2013 4:25:18 PM	Gathering partition schemes
7/16/2013 4:25:18 PM	Gathering functions
7/16/2013 4:25:18 PM	Gathering encrypted functions
7/16/2013 4:25:18 PM	Gathering aggregates
7/16/2013 4:25:18 PM	Gathering procedures
7/16/2013 4:25:18 PM	Gathering encrypted procedures
7/16/2013 4:25:18 PM	Gathering tables
7/16/2013 4:25:18 PM	Gathering primary keys
7/16/2013 4:25:18 PM	Gathering unique constraints
7/16/2013 4:25:18 PM	Gathering foreign keys
7/16/2013 4:25:18 PM	Gathering default constraints
7/16/2013 4:25:18 PM	Gathering check constraints
7/16/2013 4:25:18 PM	Gathering views
7/16/2013 4:25:18 PM	Gathering encrypted views
7/16/2013 4:25:18 PM	Gathering indexes
7/16/2013 4:25:18 PM	Gathering statistics
7/16/2013 4:25:18 PM	Gathering full-text index stoplists
7/16/2013 4:25:18 PM	Gathering search property lists
7/16/2013 4:25:19 PM	Gathering search properties
7/16/2013 4:25:19 PM	Gathering full-text indexes
7/16/2013 4:25:19 PM	Gathering column store indexes
7/16/2013 4:25:19 PM	Gathering spatial indexes
7/16/2013 4:25:19 PM	Gathering XML indexes
7/16/2013 4:25:19 PM	Gathering encrypted triggers
7/16/2013 4:25:19 PM	Gathering triggers
7/16/2013 4:25:19 PM	Gathering encrypted and clr ddl triggers
7/16/2013 4:25:19 PM	Gathering ddl triggers
7/16/2013 4:25:19 PM	Gathering synonyms
7/16/2013 4:25:19 PM	Gathering defaults
7/16/2013 4:25:19 PM	Gathering data constraint uddt bindings
7/16/2013 4:25:19 PM	Gathering rules
7/16/2013 4:25:19 PM	Gathering data constraint uddt bindings
7/16/2013 4:25:19 PM	Gathering message types
7/16/2013 4:25:19 PM	Gathering queues
7/16/2013 4:25:19 PM	Gathering contracts
7/16/2013 4:25:19 PM	Gathering services
7/16/2013 4:25:19 PM	Gathering event notifications
7/16/2013 4:25:19 PM	Gathering remote service bindings
7/16/2013 4:25:19 PM	Gathering broker priorities
7/16/2013 4:25:19 PM	Gathering signatures
7/16/2013 4:25:19 PM	Gathering data compression options
7/16/2013 4:25:19 PM	Gathering sequence types
7/16/2013 4:25:19 PM	Gathering extended properties
7/16/2013 4:25:19 PM	Gathering credentials
7/16/2013 4:25:19 PM	Gathering logins
7/16/2013 4:25:19 PM	Gathering server audits
7/16/2013 4:25:19 PM	Scanning project for duplicate elements
7/16/2013 4:25:19 PM	Finished duplicate element processing
7/16/2013 4:25:20 PM	Finished importing database.
7/16/2013 4:25:20 PM	A summary of the import was saved to the following location: D:\Google Drive\HomeWorks\DataBase\FirstDatebaseProject\FirstDatebaseProject\Import Schema Logs\FirstDatebaseProject_20130716012505.log
7/16/2013 4:25:20 PM	Click Finish to continue...
